Flutter crash report.
Please report a bug at https://github.com/flutter/flutter/issues.

## command

flutter run

## exception

StdinException: StdinException: Error setting terminal echo mode, OS Error: The handle is invalid.
, errno = 6

```
#0      Stdin.echoMode= (dart:io-patch/stdio_patch.dart:85:7)
#1      AnsiTerminal.singleCharMode= (package:flutter_tools/src/base/terminal.dart:289:13)
#2      TerminalHandler.setupTerminal (package:flutter_tools/src/resident_runner.dart:1609:15)
#3      RunCommand.runCommand.<anonymous closure> (package:flutter_tools/src/commands/run.dart:710:15)
#4      _rootRunUnary (dart:async/zone.dart:1406:47)
#5      _CustomZone.runUnary (dart:async/zone.dart:1307:19)
<asynchronous suspension>
```

## flutter doctor

```
[32m[✓][39m Flutter (Channel stable, 3.7.3, on Microsoft Windows [Version 10.0.22621.1265], locale en-US)
    [32m•[39m Flutter version 3.7.3 on channel stable at C:\Users\rjeev\Desktop\Flutter\flutter
    [32m•[39m Upstream repository https://github.com/flutter/flutter.git
    [32m•[39m Framework revision 9944297138 (4 weeks ago), 2023-02-08 15:46:04 -0800
    [32m•[39m Engine revision 248290d6d5
    [32m•[39m Dart version 2.19.2
    [32m•[39m DevTools version 2.20.1

[32m[✓][39m Windows Version (Installed version of Windows is version 10 or higher)

[32m[✓][39m Android toolchain - develop for Android devices (Android SDK version 34.0.0-rc1)
    [32m•[39m Android SDK at C:\Users\rjeev\AppData\Local\Android\sdk
    [32m•[39m Platform android-33-ext4, build-tools 34.0.0-rc1
    [32m•[39m Java binary at: C:\Users\rjeev\Desktop\New folder\Android\jre\bin\java
    [32m•[39m Java version OpenJDK Runtime Environment (build 11.0.15+0-b2043.56-9505619)
    [32m•[39m All Android licenses accepted.

[32m[✓][39m Chrome - develop for the web
    [32m•[39m Chrome at C:\Program Files (x86)\Google\Chrome\Application\chrome.exe

[32m[✓][39m Visual Studio - develop for Windows (Visual Studio Community 2022 17.4.5)
    [32m•[39m Visual Studio at C:\Program Files\Microsoft Visual Studio\2022\Community
    [32m•[39m Visual Studio Community 2022 version 17.4.33403.182
    [32m•[39m Windows 10 SDK version 10.0.22000.0

[32m[✓][39m Android Studio (version 2022.1)
    [32m•[39m Android Studio at C:\Users\rjeev\Desktop\New folder\Android
    [32m•[39m Flutter plugin can be installed from:
      🔨 https://plugins.jetbrains.com/plugin/9212-flutter
    [32m•[39m Dart plugin can be installed from:
      🔨 https://plugins.jetbrains.com/plugin/6351-dart
    [32m•[39m Java version OpenJDK Runtime Environment (build 11.0.15+0-b2043.56-9505619)

[32m[✓][39m VS Code (version 1.76.0)
    [32m•[39m VS Code at C:\Users\rjeev\AppData\Local\Programs\Microsoft VS Code
    [32m•[39m Flutter extension version 3.60.0

[32m[✓][39m Connected device (5 available)
    [32m•[39m SM E236B (mobile)                     • RZCTA1K7ZRF   • android-arm64  • Android 13 (API 33)
    [32m•[39m Android SDK built for x86 64 (mobile) • emulator-5554 • android-x64    • Android 7.0 (API 24) (emulator)
    [32m•[39m Windows (desktop)                     • windows       • windows-x64    • Microsoft Windows [Version 10.0.22621.1265]
    [32m•[39m Chrome (web)                          • chrome        • web-javascript • Google Chrome 110.0.5481.178
    [32m•[39m Edge (web)                            • edge          • web-javascript • Microsoft Edge 110.0.1587.63

[32m[✓][39m HTTP Host Availability
    [32m•[39m All required HTTP hosts are available

[32m•[39m No issues found!
```
